<?xml version="1.0" encoding="UTF-8"?>
<!-- Generated by org.testng.reporters.JUnitReportReporter -->
<testsuite skipped="0" hostname="Arjun-PC" name="com.Automation.demo.launch" tests="1" failures="0" timestamp="15 Apr 2020 07:25:05 GMT" time="2.074" errors="0">
  <testcase name="case1" time="2.074" classname="com.Automation.demo.launch"/>
</testsuite> <!-- com.Automation.demo.launch -->
